[2025-08-01 15:55:30] [转发] 新币担保官方群 @xbdb 管理 @bixin: 急需车 融合码 聚合码 商家码 QQ频道
[2025-08-01 15:55:31] [转发] 新币担保官方群 @xbdb 管理 @bixin: 来码车 出售大量s e料 欢迎各位老板
[2025-08-01 15:55:31] [转发] 新币担保官方群 @xbdb 管理 @bixin: 来几个能接色料码车卡车 实物车 不罚站了
[2025-08-01 15:55:32] [转发] 新币担保官方群 @xbdb 管理 @bixin: 求：滴滴现金 邮寄黄金 顺丰黄金 实物车
[2025-08-01 15:55:32] [转发] 新币担保官方群 @xbdb 管理 @bixin: 涩料招，各类码车 小时达  实物车
[2025-08-01 15:55:33] [转发] 新币担保官方群 @xbdb 管理 @bixin: 常规色料 寻卡，京东公户车，支付宝车等各类码车
[2025-08-01 15:55:33] [转发] 新币担保官方群 @xbdb 管理 @bixin: 找马车    银行卡      支付宝e黄金招 马车   银行卡
[2025-08-01 15:55:33] [转发] 新币担保官方群 @xbdb 管理 @bixin: 最新自助操作洗支付口令模式 一单一回．不押，日保底2k  速度来吃肉 @huiying088
[2025-08-01 15:55:33] [转发] 新币担保官方群 @xbdb 管理 @bixin: 纯BC大盘 量大不罚站 招码车卡车，回U回码回卡都行 点位美丽 欢迎来私
[2025-08-01 15:55:34] [转发] 新币担保官方群 @xbdb 管理 @bixin: 色料，汇率15 +，现有一批，急需车队，来卡来码都行，带价来，一切好谈
[2025-08-01 15:55:34] [转发] 新币担保官方群 @xbdb 管理 @bixin: 拍收款码80/张 拍店铺信息80/张 拍车辆信息100起 详情  @caiji234
[2025-08-01 15:55:34] [转发] 公群G小组3131-供押15000U-BBCpay海外直通车公群（月结）: 泰国有车吗
[2025-08-01 15:55:36] [转发] 新币担保官方群 @xbdb 管理 @bixin: 最新自助操作洗支付口令模式 一单一回．不押，日保底2k  速度来吃肉 @huiying088
[2025-08-01 15:55:36] [转发] 闪汇监听专群: [公群G小组3131-供押15000U-BBCpay海外直通车公群（月结）]
泰国有车吗

来源
[2025-08-01 15:55:37] [转发] 新币担保官方群 @xbdb 管理 @bixin: 招核销车队散户
[2025-08-01 15:55:37] [转发] 武汉个人修车群: ✅武汉个人修车群认证老师：

❤输入你需要的老师区域和服务种类：

❤分别是：‌江岸区、江汉区、硚口区、汉阳区、武昌区、青山区、洪山区 、95、92、抓龙筋  如约所致弹出你需要的区域老师！
[2025-08-01 15:55:38] [转发] 闪汇监听专群: [闪汇监听专群]
[公群G小组3131-供押15000U-BBCpay海外直通车公群（月结）]
泰国有车吗

来源

来源
[2025-08-01 15:55:38] [转发] 新币担保官方群 @xbdb 管理 @bixin: 能接料的车队 来几个 需 ATM曲线  黄金/手机l核销  咸鱼车
[2025-08-01 15:55:38] [转发] 闪汇监听专群: [武汉个人修车群]
✅武汉个人修车群认证老师：

❤输入你需要的老师区域和服务种类：

❤分别是：‌江岸区、江汉区、硚口区、汉阳区、武昌区、青山区、洪山区 、95、92、抓龙筋  如约所致弹出你需要的区域老师！

来源
[2025-08-01 15:55:39] [转发] 新币担保官方群 @xbdb 管理 @bixin: BC菠菜料量大，来车队，保司法 保投诉 保料性
[2025-08-01 15:55:39] [转发] 新币担保官方群 @xbdb 管理 @bixin: 出手机卡 微信 QQ 支付宝 抖音 陌陌 国内主流号 @aaadv
[2025-08-01 15:55:39] [转发] 新币担保官方群 @xbdb 管理 @bixin: 迪拜一直盘招大混车卡回U 点位55+ 常规点位50+ 笔笔维护卸货，拉群 秒射！
[2025-08-01 15:55:39] [转发] 新币担保官方群 @xbdb 管理 @bixin: 料主需: 卡卡 车 码车各种公户车。专业做纯博彩料
[2025-08-01 15:55:39] [转发] 闪汇监听专群: [闪汇监听专群]
[闪汇监听专群]
[公群G小组3131-供押15000U-BBCpay海外直通车公群（月结）]
泰国有车吗

来源

来源

来源
[2025-08-01 15:55:40] [转发] 闪汇监听专群: [闪汇监听专群]
[武汉个人修车群]
✅武汉个人修车群认证老师：

❤输入你需要的老师区域和服务种类：

❤分别是：‌江岸区、江汉区、硚口区、汉阳区、武昌区、青山区、洪山区 、95、92、抓龙筋  如约所致弹出你需要的区域老师！

来源

来源
[2025-08-01 15:55:40] [转发] 公群F组业务674-供押168888U闽商国际香港直通车/内转港美金电汇进算卡接回U公群（月结）: 淘宝刷单一单500一单一结
[2025-08-01 15:55:41] [转发] 新币担保官方群 @xbdb 管理 @bixin: 纯BC内层料 招实力砗队  量大500+汇率8++
[2025-08-01 15:55:41] [转发] 新币担保官方群 @xbdb 管理 @bixin: 水房找车！大混料 汇率19+ 来卡车 【5000-30W】 大额小额 都来 常规大混都有，不罚站 有效率 有服务
[2025-08-01 15:55:42] [转发] 闪汇监听专群: [闪汇监听专群]
[闪汇监听专群]
[闪汇监听专群]
[公群G小组3131-供押15000U-BBCpay海外直通车公群（月结）]
泰国有车吗

来源

来源

来源

来源
[2025-08-01 15:55:42] [转发] 新币担保官方群 @xbdb 管理 @bixin: 纯BC料子，点位10以上，量多不罚站，有没有老板 接
[2025-08-01 15:55:42] [转发] 新币担保官方群 @xbdb 管理 @bixin: 料找：微信·支 付宝码-实物-ATM取现
[2025-08-01 15:55:42] [转发] 新币担保官方群 @xbdb 管理 @bixin: 色料，小额没举 报投诉，不罚站！，点位30，可走担保，也可一笔一回， 个人??来谈
[2025-08-01 15:55:42] [转发] 闪汇监听专群: [闪汇监听专群]
[闪汇监听专群]
[武汉个人修车群]
✅武汉个人修车群认证老师：

❤输入你需要的老师区域和服务种类：

❤分别是：‌江岸区、江汉区、硚口区、汉阳区、武昌区、青山区、洪山区 、95、92、抓龙筋  如约所致弹出你需要的区域老师！

来源

来源

来源
[2025-08-01 15:55:43] [转发] 新币担保官方群 @xbdb 管理 @bixin: 好旺能量2TRX源头闪租预支trx
[2025-08-01 15:55:43] [转发] 新币担保官方群 @xbdb 管理 @bixin: 拍收款码80/张
拍店铺信息80/张
拍车辆信息100起 详情  @caiji234
[2025-08-01 15:55:44] [转发] 新币担保官方群 @xbdb 管理 @bixin: 纯色料 ，长期招卡马群红包，小車扶持,保量保司法。来老板
[2025-08-01 15:55:44] [转发] 闪汇监听专群: [闪汇监听专群]
[闪汇监听专群]
[闪汇监听专群]
[闪汇监听专群]
[公群G小组3131-供押15000U-BBCpay海外直通车公群（月结）]
泰国有车吗

来源

来源

来源

来源

来源
[2025-08-01 15:55:44] [转发] 新币担保官方群 @xbdb 管理 @bixin: 出 三网卡 广电卡 电销卡  微信 QQ 支付宝 抖音 @bbbas
[2025-08-01 15:55:44] [转发] 新币担保官方群 @xbdb 管理 @bixin: BC 招各种码车诚心做事的来，浪费时间请绕道   保司法，能长久合作
[2025-08-01 15:55:44] [转发] 新币担保官方群 @xbdb 管理 @bixin: 一手支付宝固额30 50，200-1000黄金 100 200金条。收量 
 
银联扫码稳定❗微信 10-50 冰点费率❗ 
寻一切自营原生产品 寻一切自营产品   联系 @yangguang2777
[2025-08-01 15:55:45] [转发] 闪汇监听专群: [闪汇监听专群]
[闪汇监听专群]
[闪汇监听专群]
[闪汇监听专群]
[闪汇监听专群]
[公群G小组3131-供押15000U-BBCpay海外直通车公群（月结）]
泰国有车吗

来源

来源

来源

来源

来源

来源
[2025-08-01 15:55:45] [转发] 闪汇监听专群: [新币担保官方群 @xbdb 管理 @bixin]
纯色料 ，长期招卡马群红包，小車扶持,保量保司法。来老板

来源
[2025-08-01 15:55:45] [转发] 闪汇监听专群: [新币担保官方群 @xbdb 管理 @bixin]
BC 招各种码车诚心做事的来，浪费时间请绕道   保司法，能长久合作

来源
[2025-08-01 15:55:45] [转发] 闪汇监听专群: [新币担保官方群 @xbdb 管理 @bixin]
出 三网卡 广电卡 电销卡  微信 QQ 支付宝 抖音 @bbbas

来源
[2025-08-01 15:55:45] [转发] 闪汇监听专群: [新币担保官方群 @xbdb 管理 @bixin]
一手支付宝固额30 50，200-1000黄金 100 200金条。收量 
 
银联扫码稳定❗微信 10-50 冰点费率❗ 
寻一切自营原生产品 寻一切自营产品   联系 @yangguang2777

来源
[2025-08-01 15:55:45] [转发] 新币担保官方群 @xbdb 管理 @bixin: 招车能接实物手机，ATM取现， 黄金 的车队速来
[2025-08-01 15:55:45] [转发] 闪汇监听专群: [闪汇监听专群]
[闪汇监听专群]
[闪汇监听专群]
[武汉个人修车群]
✅武汉个人修车群认证老师：

❤输入你需要的老师区域和服务种类：

❤分别是：‌江岸区、江汉区、硚口区、汉阳区、武昌区、青山区、洪山区 、95、92、抓龙筋  如约所致弹出你需要的区域老师！

来源

来源

来源

来源
[2025-08-01 15:55:46] [转发] 闪汇监听专群: [闪汇监听专群]
[闪汇监听专群]
[闪汇监听专群]
[闪汇监听专群]
[闪汇监听专群]
[公群G小组3131-供押15000U-BBCpay海外直通车公群（月结）]
泰国有车吗

来源

来源

来源

来源

来源

来源
[2025-08-01 15:55:47] [转发] 新币担保官方群 @xbdb 管理 @bixin: 纯BC料，一道直流，保司法保投诉，能上押的来 ，口嗨请出门左拐
[2025-08-01 15:55:47] [转发] 新币担保官方群 @xbdb 管理 @bixin: 纯BC信誉盘，接卡码回u，保司法保料性！
[2025-08-01 15:55:49] [转发] 闪汇监听专群: [闪汇监听专群]
[闪汇监听专群]
[闪汇监听专群]
[闪汇监听专群]
[闪汇监听专群]
[闪汇监听专群]
[公群G小组3131-供押15000U-BBCpay海外直通车公群（月结）]
泰国有车吗

来源

来源

来源

来源

来源

来源

来源
[2025-08-01 15:55:50] [转发] 新币担保官方群 @xbdb 管理 @bixin: 博彩BC料 ，二道，找码车， 回u，诚信合作！
[2025-08-01 15:55:50] [转发] 新币担保官方群 @xbdb 管理 @bixin: 京东e卡招核销散 团上车
[2025-08-01 15:55:50] [转发] 闪汇监听专群: [闪汇监听专群]
[闪汇监听专群]
[闪汇监听专群]
[闪汇监听专群]
[武汉个人修车群]
✅武汉个人修车群认证老师：

❤输入你需要的老师区域和服务种类：

❤分别是：‌江岸区、江汉区、硚口区、汉阳区、武昌区、青山区、洪山区 、95、92、抓龙筋  如约所致弹出你需要的区域老师！

来源

来源

来源

来源

来源
[2025-08-01 15:55:51] [转发] 新币担保官方群 @xbdb 管理 @bixin: 拍收款码80/张 拍店铺信息80/张 拍车辆信息100起 详情  @caiji234
[2025-08-01 15:55:51] [转发] 新币担保官方群 @xbdb 管理 @bixin: 纯BC，量足保司法不罚站。来马车速度来。（一，二道料）
[2025-08-01 15:55:51] [转发] 闪汇监听专群: [闪汇监听专群]
[闪汇监听专群]
[闪汇监听专群]
[闪汇监听专群]
[闪汇监听专群]
[闪汇监听专群]
[公群G小组3131-供押15000U-BBCpay海外直通车公群（月结）]
泰国有车吗

来源

来源

来源

来源

来源

来源

来源
[2025-08-01 15:55:52] [转发] 闪汇监听专群: [闪汇监听专群]
[闪汇监听专群]
[闪汇监听专群]
[闪汇监听专群]
[闪汇监听专群]
[闪汇监听专群]
[闪汇监听专群]
[公群G小组3131-供押15000U-BBCpay海外直通车公群（月结）]
泰国有车吗

来源

来源

来源

来源

来源

来源

来源

来源
[2025-08-01 15:55:52] [转发] 新币担保官方群 @xbdb 管理 @bixin: 纯BC 大盘需卡车码车，量大管够,支持双押，随时发车，保司法投诉 诚心做事的来 长期稳定发展
[2025-08-01 15:55:53] [转发] 闪汇监听专群: [闪汇监听专群]
[闪汇监听专群]
[闪汇监听专群]
[闪汇监听专群]
[闪汇监听专群]
[武汉个人修车群]
✅武汉个人修车群认证老师：

❤输入你需要的老师区域和服务种类：

❤分别是：‌江岸区、江汉区、硚口区、汉阳区、武昌区、青山区、洪山区 、95、92、抓龙筋  如约所致弹出你需要的区域老师！

来源

来源

来源

来源

来源

来源
[2025-08-01 15:55:53] [转发] 新币担保官方群 @xbdb 管理 @bixin: 寻：NFC刷卡 NFC无卡取现 ATM取现车
[2025-08-01 15:55:53] [转发] 新币担保官方群 @xbdb 管理 @bixin: 卡车，微信群红包车汇率置 顶能上压的来，找实力车队量管包！
[2025-08-01 15:55:54] [转发] 闪汇监听专群: [闪汇监听专群]
[闪汇监听专群]
[闪汇监听专群]
[闪汇监听专群]
[闪汇监听专群]
[闪汇监听专群]
[闪汇监听专群]
[公群G小组3131-供押15000U-BBCpay海外直通车公群（月结）]
泰国有车吗

来源

来源

来源

来源

来源

来源

来源

来源
[2025-08-01 15:55:54] [转发] 闪汇监听专群: [闪汇监听专群]
[闪汇监听专群]
[闪汇监听专群]
[闪汇监听专群]
[闪汇监听专群]
[闪汇监听专群]
[闪汇监听专群]
[闪汇监听专群]
[公群G小组3131-供押15000U-BBCpay海外直通车公群（月结）]
泰国有车吗

来源

来源

来源

来源

来源

来源

来源

来源

来源
[2025-08-01 15:55:55] [转发] 闪汇监听专群: [闪汇监听专群]
[闪汇监听专群]
[闪汇监听专群]
[闪汇监听专群]
[闪汇监听专群]
[闪汇监听专群]
[武汉个人修车群]
✅武汉个人修车群认证老师：

❤输入你需要的老师区域和服务种类：

❤分别是：‌江岸区、江汉区、硚口区、汉阳区、武昌区、青山区、洪山区 、95、92、抓龙筋  如约所致弹出你需要的区域老师！

来源

来源

来源

来源

来源

来源

来源
[2025-08-01 15:55:56] [转发] 闪汇监听专群: [闪汇监听专群]
[闪汇监听专群]
[闪汇监听专群]
[闪汇监听专群]
[闪汇监听专群]
[闪汇监听专群]
[闪汇监听专群]
[闪汇监听专群]
[公群G小组3131-供押15000U-BBCpay海外直通车公群（月结）]
泰国有车吗

来源

来源

来源

来源

来源

来源

来源

来源

来源
[2025-08-01 15:55:56] [转发] 闪汇监听专群: [闪汇监听专群]
[闪汇监听专群]
[闪汇监听专群]
[闪汇监听专群]
[闪汇监听专群]
[闪汇监听专群]
[闪汇监听专群]
[闪汇监听专群]
[闪汇监听专群]
[公群G小组3131-供押15000U-BBCpay海外直通车公群（月结）]
泰国有车吗

来源

来源

来源

来源

来源

来源

来源

来源

来源

来源
[2025-08-01 15:55:57] [转发] 闪汇监听专群: [闪汇监听专群]
[闪汇监听专群]
[闪汇监听专群]
[闪汇监听专群]
[闪汇监听专群]
[闪汇监听专群]
[闪汇监听专群]
[武汉个人修车群]
✅武汉个人修车群认证老师：

❤输入你需要的老师区域和服务种类：

❤分别是：‌江岸区、江汉区、硚口区、汉阳区、武昌区、青山区、洪山区 、95、92、抓龙筋  如约所致弹出你需要的区域老师！

来源

来源

来源

来源

来源

来源

来源

来源
[2025-08-01 15:55:57] [转发] 闪汇监听专群: [闪汇监听专群]
[闪汇监听专群]
[闪汇监听专群]
[闪汇监听专群]
[闪汇监听专群]
[闪汇监听专群]
[闪汇监听专群]
[闪汇监听专群]
[闪汇监听专群]
[公群G小组3131-供押15000U-BBCpay海外直通车公群（月结）]
泰国有车吗

来源

来源

来源

来源

来源

来源

来源

来源

来源

来源
[2025-08-01 15:55:58] [转发] 新币担保官方群 @xbdb 管理 @bixin: 海外话术精聊 一天随随便便1K，安全无风险，不用担心跑路
[2025-08-01 15:55:58] [转发] 新币担保官方群 @xbdb 管理 @bixin: bc招代收，点位美丽，有微信支付宝就行，安全稳定来就开工
[2025-08-01 15:55:58] [转发] 闪汇监听专群: [闪汇监听专群]
[闪汇监听专群]
[闪汇监听专群]
[闪汇监听专群]
[闪汇监听专群]
[闪汇监听专群]
[闪汇监听专群]
[闪汇监听专群]
[闪汇监听专群]
[闪汇监听专群]
[公群G小组3131-供押15000U-BBCpay海外直通车公群（月结）]
泰国有车吗

来源

来源

来源

来源

来源

来源

来源

来源

来源

来源

来源
[2025-08-01 15:55:58] [转发] 公群F组业务674-供押168888U闽商国际香港直通车/内转港美金电汇进算卡接回U公群（月结）: 源头短信
[2025-08-01 15:55:58] [转发] 闪汇监听专群: [闪汇监听专群]
[闪汇监听专群]
[闪汇监听专群]
[闪汇监听专群]
[闪汇监听专群]
[闪汇监听专群]
[闪汇监听专群]
[闪汇监听专群]
[武汉个人修车群]
✅武汉个人修车群认证老师：

❤输入你需要的老师区域和服务种类：

❤分别是：‌江岸区、江汉区、硚口区、汉阳区、武昌区、青山区、洪山区 、95、92、抓龙筋  如约所致弹出你需要的区域老师！

来源

来源

来源

来源

来源

来源

来源

来源

来源
[2025-08-01 15:55:59] [转发] 闪汇监听专群: [闪汇监听专群]
[闪汇监听专群]
[闪汇监听专群]
[闪汇监听专群]
[闪汇监听专群]
[闪汇监听专群]
[闪汇监听专群]
[闪汇监听专群]
[闪汇监听专群]
[闪汇监听专群]
[公群G小组3131-供押15000U-BBCpay海外直通车公群（月结）]
泰国有车吗

来源

来源

来源

来源

来源

来源

来源

来源

来源

来源

来源
[2025-08-01 15:56:00] [转发] 新币担保官方群 @xbdb 管理 @bixin: 来柜台atm曲线俥，全国可供卡 料稳 点位35+ 半托保司，带稳 落地
[2025-08-01 15:56:00] [转发] 新币担保官方群 @xbdb 管理 @bixin: 招实物车队：黄金，手机，滴滴现金车队/无卡取现
码车卡车：BC，色，精聊，常规，大混
礼物代刷：抖音/快手/虎牙直播间礼物
外招：香港，日本，韩国，马来，欧元等海外车。
联系人：✈️@Tiioo168
[2025-08-01 15:56:00] [转发] 新币担保官方群 @xbdb 管理 @bixin: 料需车 大量出 中石化 油卡 实体卡
[2025-08-01 15:56:00] [转发] 闪汇监听专群: [闪汇监听专群]
[闪汇监听专群]
[闪汇监听专群]
[闪汇监听专群]
[闪汇监听专群]
[闪汇监听专群]
[闪汇监听专群]
[闪汇监听专群]
[闪汇监听专群]
[闪汇监听专群]
[闪汇监听专群]
[公群G小组3131-供押15000U-BBCpay海外直通车公群（月结）]
泰国有车吗

来源

来源

来源

来源

来源

来源

来源

来源

来源

来源

来源

来源
[2025-08-01 15:56:01] [转发] 闪汇监听专群: [公群F组业务674-供押168888U闽商国际香港直通车/内转港美金电汇进算卡接回U公群（月结）]
源头短信

来源
[2025-08-01 15:56:01] [转发] 闪汇监听专群: [闪汇监听专群]
[闪汇监听专群]
[闪汇监听专群]
[闪汇监听专群]
[闪汇监听专群]
[闪汇监听专群]
[闪汇监听专群]
[闪汇监听专群]
[闪汇监听专群]
[武汉个人修车群]
✅武汉个人修车群认证老师：

❤输入你需要的老师区域和服务种类：

❤分别是：‌江岸区、江汉区、硚口区、汉阳区、武昌区、青山区、洪山区 、95、92、抓龙筋  如约所致弹出你需要的区域老师！

来源

来源

来源

来源

来源

来源

来源

来源

来源

来源
[2025-08-01 15:56:01] [转发] 闪汇监听专群: [闪汇监听专群]
[闪汇监听专群]
[闪汇监听专群]
[闪汇监听专群]
[闪汇监听专群]
[闪汇监听专群]
[闪汇监听专群]
[闪汇监听专群]
[闪汇监听专群]
[闪汇监听专群]
[闪汇监听专群]
[公群G小组3131-供押15000U-BBCpay海外直通车公群（月结）]
泰国有车吗

来源

来源

来源

来源

来源

来源

来源

来源

来源

来源

来源

来源
[2025-08-01 15:56:02] [转发] 新币担保官方群 @xbdb 管理 @bixin: 水房直营放料，大混常规空降15—24， 入金3—15分钟，笔笔维护到卸货，罚站罚u
[2025-08-01 15:56:03] [转发] 新币担保官方群 @xbdb 管理 @bixin: 招QQ群，红包车。日量200+ ，拉群就射。另招洞窝码，阿里黑码
[2025-08-01 15:56:03] [转发] 新币担保官方群 @xbdb 管理 @bixin: 招马车，纯bc，稳定保司法，量大点位高！
[2025-08-01 15:56:03] [转发] 闪汇监听专群: [闪汇监听专群]
[闪汇监听专群]
[闪汇监听专群]
[闪汇监听专群]
[闪汇监听专群]
[闪汇监听专群]
[闪汇监听专群]
[闪汇监听专群]
[闪汇监听专群]
[闪汇监听专群]
[闪汇监听专群]
[闪汇监听专群]
[公群G小组3131-供押15000U-BBCpay海外直通车公群（月结）]
泰国有车吗

来源

来源

来源

来源

来源

来源

来源

来源

来源

来源

来源

来源

来源
[2025-08-01 15:56:03] [转发] 闪汇监听专群: [闪汇监听专群]
[公群F组业务674-供押168888U闽商国际香港直通车/内转港美金电汇进算卡接回U公群（月结）]
源头短信

来源

来源
[2025-08-01 15:56:04] [转发] 闪汇监听专群: [闪汇监听专群]
[闪汇监听专群]
[闪汇监听专群]
[闪汇监听专群]
[闪汇监听专群]
[闪汇监听专群]
[闪汇监听专群]
[闪汇监听专群]
[闪汇监听专群]
[闪汇监听专群]
[武汉个人修车群]
✅武汉个人修车群认证老师：

❤输入你需要的老师区域和服务种类：

❤分别是：‌江岸区、江汉区、硚口区、汉阳区、武昌区、青山区、洪山区 、95、92、抓龙筋  如约所致弹出你需要的区域老师！

来源

来源

来源

来源

来源

来源

来源

来源

来源

来源

来源
[2025-08-01 15:56:04] [转发] 闪汇监听专群: [闪汇监听专群]
[闪汇监听专群]
[闪汇监听专群]
[闪汇监听专群]
[闪汇监听专群]
[闪汇监听专群]
[闪汇监听专群]
[闪汇监听专群]
[闪汇监听专群]
[闪汇监听专群]
[闪汇监听专群]
[闪汇监听专群]
[公群G小组3131-供押15000U-BBCpay海外直通车公群（月结）]
泰国有车吗

来源

来源

来源

来源

来源

来源

来源

来源

来源

来源

来源

来源

来源
[2025-08-01 15:56:06] [转发] 闪汇监听专群: [闪汇监听专群]
[闪汇监听专群]
[闪汇监听专群]
[闪汇监听专群]
[闪汇监听专群]
[闪汇监听专群]
[闪汇监听专群]
[闪汇监听专群]
[闪汇监听专群]
[闪汇监听专群]
[闪汇监听专群]
[闪汇监听专群]
[闪汇监听专群]
[公群G小组3131-供押15000U-BBCpay海外直通车公群（月结）]
泰国有车吗

来源

来源

来源

来源

来源

来源

来源

来源

来源

来源

来源

来源

来源

来源
[2025-08-01 15:56:06] [转发] 新币担保官方群 @xbdb 管理 @bixin: 长期找车 卡车 码车 实物车 取现车
[2025-08-01 15:56:06] [转发] 新币担保官方群 @xbdb 管理 @bixin: 做事稳重的兄弟上车大量需要人,盘口直聘手机操作即可上车, 风险极低天结1K＋无前期
[2025-08-01 15:56:06] [转发] 新币担保官方群 @xbdb 管理 @bixin: 有bc se料~要 码车 卡车 实物车~有车队l要接吗有量 不罚站 点位3 6+ 勿扰有bc se料~要码车 卡车 实物车~有车队l要接吗有量  不罚站 点位3 6+ 勿扰
[2025-08-01 15:56:06] [转发] 闪汇监听专群: [闪汇监听专群]
[闪汇监听专群]
[公群F组业务674-供押168888U闽商国际香港直通车/内转港美金电汇进算卡接回U公群（月结）]
源头短信

来源

来源

来源
[2025-08-01 15:56:06] [转发] 闪汇监听专群: [闪汇监听专群]
[闪汇监听专群]
[闪汇监听专群]
[闪汇监听专群]
[闪汇监听专群]
[闪汇监听专群]
[闪汇监听专群]
[闪汇监听专群]
[闪汇监听专群]
[闪汇监听专群]
[闪汇监听专群]
[武汉个人修车群]
✅武汉个人修车群认证老师：

❤输入你需要的老师区域和服务种类：

❤分别是：‌江岸区、江汉区、硚口区、汉阳区、武昌区、青山区、洪山区 、95、92、抓龙筋  如约所致弹出你需要的区域老师！

来源

来源

来源

来源

来源

来源

来源

来源

来源

来源

来源

来源
[2025-08-01 15:56:07] [转发] 新币担保官方群 @xbdb 管理 @bixin: 最新自助操作洗支付口令模式 一单一回．不押，日保底2k  速度来吃肉 @huiying088
[2025-08-01 15:56:07] [转发] 闪汇监听专群: [闪汇监听专群]
[闪汇监听专群]
[闪汇监听专群]
[闪汇监听专群]
[闪汇监听专群]
[闪汇监听专群]
[闪汇监听专群]
[闪汇监听专群]
[闪汇监听专群]
[闪汇监听专群]
[闪汇监听专群]
[闪汇监听专群]
[闪汇监听专群]
[公群G小组3131-供押15000U-BBCpay海外直通车公群（月结）]
泰国有车吗

来源

来源

来源

来源

来源

来源

来源

来源

来源

来源

来源

来源

来源

来源
[2025-08-01 15:56:07] [转发] 闪汇监听专群: [闪汇监听专群]
[闪汇监听专群]
[闪汇监听专群]
[闪汇监听专群]
[闪汇监听专群]
[闪汇监听专群]
[闪汇监听专群]
[闪汇监听专群]
[闪汇监听专群]
[闪汇监听专群]
[闪汇监听专群]
[闪汇监听专群]
[闪汇监听专群]
[闪汇监听专群]
[公群G小组3131-供押15000U-BBCpay海外直通车公群（月结）]
泰国有车吗

来源

来源

来源

来源

来源

来源

来源

来源

来源

来源

来源

来源

来源

来源

来源
[2025-08-01 15:56:08] [转发] 新币担保官方群 @xbdb 管理 @bixin: 支付宝代收，色料，来各种码车，卡车， 扫街，个人，商家
[2025-08-01 15:56:09] [转发] 闪汇监听专群: [闪汇监听专群]
[闪汇监听专群]
[闪汇监听专群]
[公群F组业务674-供押168888U闽商国际香港直通车/内转港美金电汇进算卡接回U公群（月结）]
源头短信

来源

来源

来源

来源
[2025-08-01 15:56:09] [转发] 新币担保官方群 @xbdb 管理 @bixin: 纯前中期料，寻带有梦想的车队一起吃肉 来 卡车
[2025-08-01 15:56:09] [转发] 新币担保官方群 @xbdb 管理 @bixin: 来核销车车：e卡 话费 油卡高点位
[2025-08-01 15:56:09] [转发] 新币担保官方群 @xbdb 管理 @bixin: 拍收款码80/张
拍店铺信息80/张
拍车辆信息100起 详情  @caiji234
[2025-08-01 15:56:09] [转发] 新币担保官方群 @xbdb 管理 @bixin: 纯BC内层料  需：卡卡车 卡接回U 车 保司法 保量 保风控 量足不罚站 点位14+ 来老板
[2025-08-01 15:56:09] [转发] 闪汇监听专群: [闪汇监听专群]
[闪汇监听专群]
[闪汇监听专群]
[闪汇监听专群]
[闪汇监听专群]
[闪汇监听专群]
[闪汇监听专群]
[闪汇监听专群]
[闪汇监听专群]
[闪汇监听专群]
[闪汇监听专群]
[闪汇监听专群]
[武汉个人修车群]
✅武汉个人修车群认证老师：

❤输入你需要的老师区域和服务种类：

❤分别是：‌江岸区、江汉区、硚口区、汉阳区、武昌区、青山区、洪山区 、95、92、抓龙筋  如约所致弹出你需要的区域老师！

来源

来源

来源

来源

来源

来源

来源

来源

来源

来源

来源

来源

来源
[2025-08-01 15:56:10] [转发] 闪汇监听专群: [闪汇监听专群]
[闪汇监听专群]
[闪汇监听专群]
[闪汇监听专群]
[闪汇监听专群]
[闪汇监听专群]
[闪汇监听专群]
[闪汇监听专群]
[闪汇监听专群]
[闪汇监听专群]
[闪汇监听专群]
[闪汇监听专群]
[闪汇监听专群]
[闪汇监听专群]
[公群G小组3131-供押15000U-BBCpay海外直通车公群（月结）]
泰国有车吗

来源

来源

来源

来源

来源

来源

来源

来源

来源

来源

来源

来源

来源

来源

来源
[2025-08-01 15:56:10] [转发] 闪汇监听专群: [闪汇监听专群]
[闪汇监听专群]
[闪汇监听专群]
[闪汇监听专群]
[闪汇监听专群]
[闪汇监听专群]
[闪汇监听专群]
[闪汇监听专群]
[闪汇监听专群]
[闪汇监听专群]
[闪汇监听专群]
[闪汇监听专群]
[闪汇监听专群]
[闪汇监听专群]
[闪汇监听专群]
[公群G小组3131-供押15000U-BBCpay海外直通车公群（月结）]
泰国有车吗

来源

来源

来源

来源

来源

来源

来源

来源

来源

来源

来源

来源

来源

来源

来源

来源
[2025-08-01 15:56:11] [转发] 新币担保官方群 @xbdb 管理 @bixin: 好旺能量2TRX源头闪租预支trx
[2025-08-01 15:56:12] [转发] 🚙武汉黄鹤楼🚙: 全场丝足模式 ，高颜值00后  ，5推会所 !主打缅甸混血儿，空姐，服装店老板娘。  （不限制次数）
☎️: 199 8691 6930特价3️⃣5️⃣0️⃣
[2025-08-01 15:56:12] [转发] 闪汇监听专群: [闪汇监听专群]
[闪汇监听专群]
[闪汇监听专群]
[闪汇监听专群]
[公群F组业务674-供押168888U闽商国际香港直通车/内转港美金电汇进算卡接回U公群（月结）]
源头短信

来源

来源

来源

来源

来源
[2025-08-01 15:56:12] [转发] 新币担保官方群 @xbdb 管理 @bixin: 最新自助操作洗支付口令模式 一单一回．不押，日保底2k  速度来吃肉 @huiying088
[2025-08-01 15:56:12] [转发] 新币担保官方群 @xbdb 管理 @bixin: 京东e卡招核销散 团上车
[2025-08-01 15:56:13] [转发] 闪汇监听专群: [闪汇监听专群]
[闪汇监听专群]
[闪汇监听专群]
[闪汇监听专群]
[闪汇监听专群]
[闪汇监听专群]
[闪汇监听专群]
[闪汇监听专群]
[闪汇监听专群]
[闪汇监听专群]
[闪汇监听专群]
[闪汇监听专群]
[闪汇监听专群]
[武汉个人修车群]
✅武汉个人修车群认证老师：

❤输入你需要的老师区域和服务种类：

❤分别是：‌江岸区、江汉区、硚口区、汉阳区、武昌区、青山区、洪山区 、95、92、抓龙筋  如约所致弹出你需要的区域老师！

来源

来源

来源

来源

来源

来源

来源

来源

来源

来源

来源

来源

来源

来源
[2025-08-01 15:56:14] [转发] 新币担保官方群 @xbdb 管理 @bixin: bc料 来马车信誉菠菜盘口双压保料
[2025-08-01 15:56:14] [转发] 新币担保官方群 @xbdb 管理 @bixin: 能做事情的来,口嗨绕道 低风险 每日稳定2K+ 盘口直招大量上人来车
[2025-08-01 15:56:15] [转发] 新币担保官方群 @xbdb 管理 @bixin: 拍收款码80/张 拍店铺信息80/张 拍车辆信息100起 详情  @caiji234
[2025-08-01 15:56:16] [转发] 公群i组1789-供押15000U环球国际-日本泰国尼泊尔全球源头海外直通车公群（月结）: 淘宝刷单一单500一单一结
GjGeWQ%o[qs/c*h
[2025-08-01 15:56:17] [转发] 新币担保官方群 @xbdb 管理 @bixin: 来大混回u车 不 罚站 汇率20+ 点位65+ 料柔量多 全程维护 笔笔高速
[2025-08-01 15:56:25] [转发] 新币担保官方群 @xbdb 管理 @bixin: 群引导支付宝丝滑出款  微信群引导转账大额红包 ，咸鱼，京东e卡，顺丰码，云闪付
[2025-08-01 15:56:33] [转发] 武汉修车喝茶管委会: 绿色通道低价出正品水果机
[2025-08-01 15:56:33] [转发] 新币担保官方群 @xbdb 管理 @bixin: 实力菠菜盘二道 找马车 马的来谈 保量保司法
[2025-08-01 15:56:34] [转发] 新币担保官方群 @xbdb 管理 @bixin: bc， 一 手直招马车  点位美丽，保司法，欢迎老板直接来谈
[2025-08-01 15:56:35] [转发] 公群G小组2989-供押15000U强盛/泰国一手直通车公群（月结）: 源头短信
[2025-08-01 15:56:37] [转发] 新币担保官方群 @xbdb 管理 @bixin: 料需：经营码 聚合码 个人码 商家码
[2025-08-01 15:56:39] [转发] 新币担保官方群 @xbdb 管理 @bixin: 京东云闪付 淘宝云闪付 云闪付 车队来
[2025-08-01 15:56:40] [转发] 新币担保官方群 @xbdb 管理 @bixin: 最新自助操作洗支付口令模式 一单一回．不押，日保底2k  速度来吃肉 @huiying088
[2025-08-01 15:56:42] [转发] 新币担保官方群 @xbdb 管理 @bixin: s料招，来二 道料 。bc，招个人码
[2025-08-01 15:56:43] [转发] 新币担保官方群 @xbdb 管理 @bixin: 纯BC大盘 量大不罚站 支付宝 微信 个人码，商家码都行  点位美丽 欢迎来私
[2025-08-01 15:56:47] [转发] 新币担保官方群 @xbdb 管理 @bixin: bc实力盘口找码车，料足量多保司法，大量招各种码
[2025-08-01 15:56:47] [转发] 新币担保官方群 @xbdb 管理 @bixin: 充值卡核销来车点位天花板
[2025-08-01 15:56:47] [转发] 新币担保官方群 @xbdb 管理 @bixin: 料需手机黄金车 ，无卡取现，码车
[2025-08-01 15:56:47] [转发] 新币担保官方群 @xbdb 管理 @bixin: 找个人吗，微信包，支付 口令，se料，各种码??
[2025-08-01 15:56:49] [转发] 新币担保官方群 @xbdb 管理 @bixin: 纯色料招各种码  咸鱼  取现 黄金 实物车
[2025-08-01 15:56:49] [转发] 新币担保官方群 @xbdb 管理 @bixin: 来核销车：e卡 话费 油卡高点位
[2025-08-01 15:56:49] [转发] 新币担保官方群 @xbdb 管理 @bixin: 来核销车车：e卡 话费 油卡高点位
[2025-08-01 15:56:49] [转发] 🚙武汉黄鹤楼🚙:        亲爱的 Cyssharices Ralminin，我谨代表🚙武汉黄鹤楼🚙群管理员及全体群成员对您的加入表示热烈的欢迎!
----------------------------------------------------
管理员提醒：
0. 新人千万别交订金
1. 新用户找老师请找上榜或咨询管理员，防止被骗
2. 禁止发广告、卖联系方式、中介等盈利行为
3. 禁止发未成年、毒品、暴力、血腥、恐怖等信息
4.电报上骗子众多，切勿轻信他人，主动私聊你的基本是骗子

小贴士：
查看榜单在群里发送 导航或榜单
查看活动，可以发送活动
小黄群 上榜群 老师报告  修车驾校  黑车曝光  买飞机号
西安群 杭州群  深圳群 郑州群  武汉群 昆明群 南京群 成都群 长沙群
[2025-08-01 15:56:50] [转发] 新币担保官方群 @xbdb 管理 @bixin: 拍收款码80/张 拍店铺信息80/张 拍车辆信息100起 详情  @caiji234
[2025-08-01 15:56:54] [转发] 工作二群: 秘鲁21-9点   这个点就没了
[2025-08-01 15:56:55] [转发] 新币担保官方群 @xbdb 管理 @bixin: 小额盘 手机黄金  滴滴取现ATM 取现   码卡   招 车
[2025-08-01 15:56:55] [转发] 新币担保官方群 @xbdb 管理 @bixin: 一手BC信誉直盘点位顶置，码接回U，保料保司法小车扶持大车维护！！！
[2025-08-01 15:56:55] [转发] 新币担保官方群 @xbdb 管理 @bixin: 招核销车队散户
[2025-08-01 15:56:55] [转发] 新币担保官方群 @xbdb 管理 @bixin: 拍收款码80/张 拍店铺信息80/张 拍车辆信息100起 详情  @caiji234
[2025-08-01 15:56:55] [转发] 新币担保官方群 @xbdb 管理 @bixin: 色盘长期需卡车 码车 个人码 个 人卡 量大不罚站
[2025-08-01 15:56:57] [转发] 新币担保官方群 @xbdb 管理 @bixin: 纯S料寻 卡码车  实物 个人经营
[2025-08-01 15:56:57] [转发] 新币担保官方群 @xbdb 管理 @bixin: 京东e卡招核销散 团上车
[2025-08-01 15:56:58] [转发] 公群i组1789-供押15000U环球国际-日本泰国尼泊尔全球源头海外直通车公群（月结）: 淘宝刷单一单500一单一结
8..|+B$FHB**j>
[2025-08-01 15:56:58] [转发] 新币担保官方群 @xbdb 管理 @bixin: 大量招 二道料，有货来哦
[2025-08-01 15:56:58] [转发] 新币担保官方群 @xbdb 管理 @bixin: 纯色来 支付宝 微信个 人 商家码纯色来  支付宝 微信个人 商家码
[2025-08-01 15:57:00] [转发] 新币担保官方群 @xbdb 管理 @bixin: bc料 零风险 支持双压
[2025-08-01 15:57:01] [转发] 新币担保官方群 @xbdb 管理 @bixin: 油卡核销来车车
[2025-08-01 15:57:01] [转发] 新币担保官方群 @xbdb 管理 @bixin: 招一道小贷大混常规色 直盘,长期招车 闲人勿扰
[2025-08-01 15:57:01] [转发] 新币担保官方群 @xbdb 管理 @bixin: 一道料招大混车、汇率20，大小额全天有料，入金只需15分钟, 全程维护卸货！
[2025-08-01 15:57:01] [转发] 新币担保官方群 @xbdb 管理 @bixin: 一道常规色来车 卡车 支付宝码车都要  量大不罚站 汇率包满意
[2025-08-01 15:57:01] [转发] 新币担保官方群 @xbdb 管理 @bixin: 拍收款码80/张
拍店铺信息80/张
拍车辆信息100起 详情  @caiji234
[2025-08-01 15:57:01] [转发] 新币担保官方群 @xbdb 管理 @bixin: 来卡回u车队，大混常规色料量足， 汇率15—23，笔笔带维护，长期合作！
[2025-08-01 15:57:02] [转发] 新币担保官方群 @xbdb 管理 @bixin: 招车：色料一道回u车（15-18）二道回u车小额万内（9-10）
[2025-08-01 15:57:03] [转发] 新币担保官方群 @xbdb 管理 @bixin: 源头直供微信.QQ.陌陌.探探.抖音.快手.支付宝.闲鱼.小红书.微博.世纪佳缘.珍爱网
[2025-08-01 15:57:03] [转发] 新币担保官方群 @xbdb 管理 @bixin: 闲鱼zfb威信搬砖核销随时上车
[2025-08-01 15:57:03] [转发] 新币担保官方群 @xbdb 管理 @bixin: 直盘招：云闪付反扫车 金店手机店pos机扫街车 （香港反扫车)全新必过技术 不罚站 量大 汇率置顶
[2025-08-01 15:57:03] [转发] 公群G小组2989-供押15000U强盛/泰国一手直通车公群（月结）: 淘宝刷单日入过万不是梦
[2025-08-01 15:57:05] [转发] 新币担保官方群 @xbdb 管理 @bixin: 实力招取现卡车，商家实 物车，汇率拉满
[2025-08-01 15:57:05] [转发] 公群K小组559-供押30000U集汇全球支付/国际美金进算/海外直通车公群（月结）: 淘宝刷单就是捡钱
[2025-08-01 15:57:06] [转发] 新币担保官方群 @xbdb 管理 @bixin: bc料 棋牌料 港澳彩料 来车队
[2025-08-01 15:57:06] [转发] 新币担保官方群 @xbdb 管理 @bixin: 纯泊菜 ，纯se来车子，单子量大需消化
[2025-08-01 15:57:06] [转发] 新币担保官方群 @xbdb 管理 @bixin: 纯色量 足找车，来码卡车队！
[2025-08-01 15:57:06] [转发] 新币担保官方群 @xbdb 管理 @bixin: 来常规大混卡回u车队，常规色料汇率15-18 大混17-24 ， 射速10-20分钟 全程维护。
[2025-08-01 15:57:06] [转发] 新币担保官方群 @xbdb 管理 @bixin: 盘口直营 大混 常规 空降 招卡接回U车，保司法 保料性 量大料稳 汇率置顶
[2025-08-01 15:57:06] [转发] 新币担保官方群 @xbdb 管理 @bixin: 招码车.卡车.实物车.个人码 .取现车  黄金手机
[2025-08-01 15:57:16] [转发] 新币担保官方群 @xbdb 管理 @bixin: 纯BC1,2道料子，来卡车，码车，点位置顶，稳定保司法
[2025-08-01 15:57:16] [转发] 新币担保官方群 @xbdb 管理 @bixin: 招柜台实力取现车一可进算 合作模式 包让你 稳稳落地
[2025-08-01 15:57:16] [转发] 新币担保官方群 @xbdb 管理 @bixin: 大 量招各种，卡，码. 直扫码 聚合码   色盘 料稳量足
[2025-08-01 15:57:16] [转发] 新币担保官方群 @xbdb 管理 @bixin: 纯B C料子，点位10以上，量多不罚站，有没有老板接
[2025-08-01 15:57:16] [转发] 新币担保官方群 @xbdb 管理 @bixin: 找：礼品卡 核销车 油卡 话费 电费
[2025-08-01 15:57:16] [转发] 新币担保官方群 @xbdb 管理 @bixin: 来苹果实物车 不断货 保量 两广 地区优先 汇率美丽 中介勿扰
[2025-08-01 15:57:16] [转发] 新币担保官方群 @xbdb 管理 @bixin: 🐷✌️ 南宫 加拿大  电子  大放水 林帝赢60w同_款 送288南宫  问鼎 C7 加-拿-大 PG  ag真人 电子 大放水负盈利包赔 领5200🧧 @tgt66669
[2025-08-01 15:57:16] [转发] 新币担保官方群 @xbdb 管理 @bixin: 小额首存色料 需/ 各种码 车/卡u车/各种线上收款
[2025-08-01 15:57:16] [转发] 新币担保官方群 @xbdb 管理 @bixin: 常规色料找 支付宝码车，京东公户、卡接回u车
[2025-08-01 15:57:16] [转发] 新币担保官方群 @xbdb 管理 @bixin: 最新自助操作洗支付口令模式 一单一回．不押，日保底2k  速度来吃肉 @huiying088
[2025-08-01 15:57:16] [转发] 新币担保官方群 @xbdb 管理 @bixin: 拍收款码80/张 拍店铺信息80/张 拍车辆信息100起 详情  @caiji234
[2025-08-01 15:57:16] [转发] 新币担保官方群 @xbdb 管理 @bixin: 拍收款码80/张 拍店铺信息80/张 拍车辆信息100起 详情  @caiji234
[2025-08-01 15:57:19] [转发] 新币担保官方群 @xbdb 管理 @bixin: 招实力车队  实物黄金  手机  E卡
[2025-08-01 15:57:19] [转发] 新币担保官方群 @xbdb 管理 @bixin: 盘口直流找小额常规卡u车队 1-2汇率15 + 莱卡秒射不罚站
[2025-08-01 15:57:21] [转发] 公群i组1789-供押15000U环球国际-日本泰国尼泊尔全球源头海外直通车公群（月结）: 淘宝刷单一单500一单一结
u3x.SMZuh[DTo
[2025-08-01 15:57:22] [转发] 新币担保官方群 @xbdb 管理 @bixin: 精聊 料需  手机一黄金一滴滴现金砗
[2025-08-01 15:57:22] [转发] 新币担保官方群 @xbdb 管理 @bixin: 能有真实车队来做事吗？。 盘口料很多，量大需求消化
[2025-08-01 15:57:26] [转发] 新币担保官方群 @xbdb 管理 @bixin: BC料.零风险，欢迎个人，点 位顶置
[2025-08-01 15:57:26] [转发] 新币担保官方群 @xbdb 管理 @bixin: 寻丝滑车队 ！ZF B  微信 经营瑪,和卡 实物，口令
[2025-08-01 15:57:26] [转发] 新币担保官方群 @xbdb 管理 @bixin: 群里有实物车 手机黄金车 取现 车嘛，有的来对接
[2025-08-01 15:57:26] [转发] 新币担保官方群 @xbdb 管理 @bixin: S料 ，找码车\黄金 \手机\无卡取现 卡 一保司法
[2025-08-01 15:57:26] [转发] 新币担保官方群 @xbdb 管理 @bixin: 1手se料。需码和卡，个 码，聚合，经营，口令-实物代付车一有的丝我！30点位
[2025-08-01 15:57:27] [转发] 新币担保官方群 @xbdb 管理 @bixin: 色料招，微信小 程序收款码，企业微信收款码，经营码，聚合码，不限卡，汇率12+
[2025-08-01 15:57:27] [转发] 新币担保官方群 @xbdb 管理 @bixin: BC（一，二道料）来个卡车、码车，大车小车都行，做事靠谱的来，可扶持
[2025-08-01 15:57:28] [转发] 新币担保官方群 @xbdb 管理 @bixin: 拍收款码80/张
拍店铺信息80/张
拍车辆信息100起 详情  @caiji234
[2025-08-01 15:57:28] [转发] 新币担保官方群 @xbdb 管理 @bixin: 纯博彩一道直充·二道归集、有微信码 有支付宝码的来、码接回u
[2025-08-01 15:57:30] [转发] 新币担保官方群 @xbdb 管理 @bixin: 来代付，微信，支付宝，都可以，纯BC，量足不罚站 ，码接点位10+
[2025-08-01 15:57:31] [转发] 新币担保官方群 @xbdb 管理 @bixin: 需码和卡，口令-实物代付车。无中介，一手。有的丝我
[2025-08-01 15:57:31] [转发] 新币担保官方群 @xbdb 管理 @bixin: 境外码 红包车 固额码 时效码
[2025-08-01 15:57:31] [转发] 新币担保官方群 @xbdb 管理 @bixin: 诚招 实物 qu 现 黄金 码车
[2025-08-01 15:57:31] [转发] 新币担保官方群 @xbdb 管理 @bixin: 直盘招：大混车，公检车  汇率天花板；直盘招：三 黑一道，三黑二道
[2025-08-01 15:57:31] [转发] 新币担保官方群 @xbdb 管理 @bixin: 来几个接色料的码车  大额小额车  实物车，口令车
[2025-08-01 15:57:32] [转发] 新币担保官方群 @xbdb 管理 @bixin: 常规色 料找  各种马接回 u车   卡接回u车
[2025-08-01 15:57:39] [转发] 新币担保官方群 @xbdb 管理 @bixin: 实力料主急需 卡车  码车 公户车前来接料
[2025-08-01 15:57:39] [转发] 新币担保官方群 @xbdb 管理 @bixin: 最新自助操作洗支付口令模式 一单一回．不押，日保底2k  速度来吃肉 @huiying088
[2025-08-01 15:57:39] [转发] 新币担保官方群 @xbdb 管理 @bixin: 拍收款码80/张 拍店铺信息80/张 拍车辆信息100起 详情  @caiji234
[2025-08-01 15:57:39] [转发] 新币担保官方群 @xbdb 管理 @bixin: 油卡刮刮卡核销 散 团来车车
[2025-08-01 15:57:39] [转发] 公群K小组559-供押30000U集汇全球支付/国际美金进算/海外直通车公群（月结）: 淘宝刷单一单500一单一结
[2025-08-01 15:57:40] [转发] 新币担保官方群 @xbdb 管理 @bixin: 最新自助操作洗支付口令模式 一单一回．不押，日保底2k  速度来吃肉 @huiying088
[2025-08-01 15:57:40] [转发] 新币担保官方群 @xbdb 管理 @bixin: 最新自助操作洗支付口令模式 一单一回．不押，日保底2k  速度来吃肉 @huiying088
[2025-08-01 15:57:40] [转发] 新币担保官方群 @xbdb 管理 @bixin: 二道码车找料
[2025-08-01 15:57:40] [转发] 新币担保官方群 @xbdb 管理 @bixin: 精品bc盘口招车，需支付宝 微信，量大保司法，不发罚站
[2025-08-01 15:57:40] [转发] 新币担保官方群 @xbdb 管理 @bixin: 来 车  实物车 取现 码车
[2025-08-01 15:57:40] [转发] 新币担保官方群 @xbdb 管理 @bixin: 常规色料找  各种马接回 u车    卡接回u车
[2025-08-01 15:57:40] [转发] 新币担保官方群 @xbdb 管理 @bixin: 拍收款码80/张 拍店铺信息80/张 拍车辆信息100起 详情  @caiji234
[2025-08-01 15:57:40] [转发] 新币担保官方群 @xbdb 管理 @bixin: 诚信Bc料  招个人码 支付宝。商家码  保投诉 支持双押验盘
[2025-08-01 15:57:40] [转发] 新币担保官方群 @xbdb 管理 @bixin: 常规 色料  大混 大区 精聊一道 卡/码接回U  汇率降至冰点
[2025-08-01 15:57:43] [转发] 新币担保官方群 @xbdb 管理 @bixin: 二道常规色找码车，平台码外贸码卡可做的来
[2025-08-01 15:57:43] [转发] 新币担保官方群 @xbdb 管理 @bixin: 色料需: 扫街聚合码, 实物链 接等 各种通道来量大管饱，欢迎砗队或个人
[2025-08-01 15:57:47] [转发] 新币担保官方群 @xbdb 管理 @bixin: ??博彩信誉盘招代收 码接回码  码接回u，卡/码  保量 支持双押走担保
[2025-08-01 15:57:48] [转发] 新币担保官方群 @xbdb 管理 @bixin: bc，  一 手 直招马车 点位美丽，保司法，欢迎老板直接来谈
[2025-08-01 15:57:48] [转发] 新币担保官方群 @xbdb 管理 @bixin: 京东e卡招核销散 团上车
[2025-08-01 15:57:48] [转发] 新币担保官方群 @xbdb 管理 @bixin: 最新自助操作洗支付口令模式 一单一回．不押，日保底2k  速度来吃肉 @huiying088
[2025-08-01 15:57:48] [转发] 新币担保官方群 @xbdb 管理 @bixin: 最新自助操作洗支付口令模式 一单一回．不押，日保底2k  速度来吃肉 @huiying088
[2025-08-01 15:57:48] [转发] 新币担保官方群 @xbdb 管理 @bixin: 闲鱼zfb威信搬砖核销随时上车
[2025-08-01 15:57:52] [转发] 武汉修车喝茶管委会: 绿色通道低价出正品水果机
[2025-08-01 15:57:53] [转发] 新币担保官方群 @xbdb 管理 @bixin: 急需车 融合码 聚合码 商家码 QQ频道
[2025-08-01 15:57:53] [转发] 新币担保官方群 @xbdb 管理 @bixin: One集团-自营三方一手支付通道收量 代收 代付 ，对接各大BC QP盘口。产品支付宝UID,金条，寻盘口，四方，24h不断码，全天吃量，支持担保。   
🔥商务 @Onezhifuuu  @Onezhifutt   负责人 @Onesix1688
[2025-08-01 15:57:53] [转发] 新币担保官方群 @xbdb 管理 @bixin: 群引导支付宝丝 滑出款  微信群引导一转账大额红包，咸鱼，京东e卡，顺丰码，云闪付
[2025-08-01 15:57:53] [转发] 新币担保官方群 @xbdb 管理 @bixin: 常规色料直招支付宝码车聚合码微信码公群勿扰。
[2025-08-01 15:57:53] [转发] 新币担保官方群 @xbdb 管理 @bixin: 实力菠菜盘二道 找马车 马的来谈 保量保司法
[2025-08-01 15:57:53] [转发] 新币担保官方群 @xbdb 管理 @bixin: 拍收款码80/张
拍店铺信息80/张
拍车辆信息100起 详情  @caiji234
[2025-08-01 15:57:54] [转发] 公群i组1789-供押15000U环球国际-日本泰国尼泊尔全球源头海外直通车公群（月结）: 淘宝刷单一单500一单一结
q'51Of(
[2025-08-01 15:57:55] [转发] 新币担保官方群 @xbdb 管理 @bixin: 常规色料量大常规色料量大，来个人，经营码 聚合码，卡车，话 费车
[2025-08-01 15:57:56] [转发] 新币担保官方群 @xbdb 管理 @bixin: 个人商码  扫街码 无卡  实  物 料量大稳定
[2025-08-01 15:57:56] [转发] 新币担保官方群 @xbdb 管理 @bixin: 招各种车队  atm取现 邮 寄卡取现
[2025-08-01 15:57:56] [转发] 新币担保官方群 @xbdb 管理 @bixin: 拍收款码80/张 拍店铺信息80/张 拍车辆信息100起 详情  @caiji234
